<?xml version="1.0" encoding="UTF-8"?>
<robot generator="Robot 3.0.4 (Python 3.7.0 on win32)" generated="20181121 14:37:18.973">
<suite id="s1" name="TC DSA SafeMilesBonus" source="E:\Drive\Nagaprakash\D Drive\DSA\DSA_TestScripts\TC_DSA_SafeMilesBonus.robot">
<test id="s1-t1" name="[Setup]">
<kw name="Open the Browser" library="GenericLibrary">
<kw name="${Brow} IN [ @{Browser_Option} ]" type="for">
<kw name="${Brow} = gc" type="foritem">
<kw name="Log" library="BuiltIn">
<doc>Logs the given message with the given level.</doc>
<arguments>
<arg>${Brow}</arg>
</arguments>
<msg timestamp="20181121 14:37:19.134" level="INFO">gc</msg>
<status status="PASS" starttime="20181121 14:37:19.134" endtime="20181121 14:37:19.134"></status>
</kw>
<kw name="Set Variable" library="BuiltIn">
<doc>Returns the given values which can then be assigned to a variables.</doc>
<arguments>
<arg>${Brow}</arg>
</arguments>
<assign>
<var>${Browsr}</var>
</assign>
<msg timestamp="20181121 14:37:19.134" level="INFO">${Browsr} = gc</msg>
<status status="PASS" starttime="20181121 14:37:19.134" endtime="20181121 14:37:19.134"></status>
</kw>
<kw name="Log" library="BuiltIn">
<doc>Logs the given message with the given level.</doc>
<arguments>
<arg>${Browsr}</arg>
</arguments>
<msg timestamp="20181121 14:37:19.134" level="INFO">gc</msg>
<status status="PASS" starttime="20181121 14:37:19.134" endtime="20181121 14:37:19.134"></status>
</kw>
<kw name="Set Variable" library="BuiltIn">
<doc>Returns the given values which can then be assigned to a variables.</doc>
<arguments>
<arg>&amp;{Browser_Option}[${Brow}]</arg>
</arguments>
<assign>
<var>${BrowserVal}</var>
</assign>
<msg timestamp="20181121 14:37:19.134" level="INFO">${BrowserVal} = Y</msg>
<status status="PASS" starttime="20181121 14:37:19.134" endtime="20181121 14:37:19.134"></status>
</kw>
<kw name="Log" library="BuiltIn">
<doc>Logs the given message with the given level.</doc>
<arguments>
<arg>${Browsr}</arg>
</arguments>
<msg timestamp="20181121 14:37:19.134" level="INFO">gc</msg>
<status status="PASS" starttime="20181121 14:37:19.134" endtime="20181121 14:37:19.134"></status>
</kw>
<kw name="Log" library="BuiltIn">
<doc>Logs the given message with the given level.</doc>
<arguments>
<arg>${BrowserVal}</arg>
</arguments>
<msg timestamp="20181121 14:37:19.134" level="INFO">Y</msg>
<status status="PASS" starttime="20181121 14:37:19.134" endtime="20181121 14:37:19.134"></status>
</kw>
<kw name="Run Keyword If" library="BuiltIn">
<doc>Runs the given keyword with the given arguments, if ``condition`` is true.</doc>
<arguments>
<arg>'${BrowserVal}' == 'Y'</arg>
<arg>open browser</arg>
<arg>${Url_Open}</arg>
<arg>${Browsr}</arg>
<arg>ELSE</arg>
<arg>log to console</arg>
<arg>Browser is not enabled to test</arg>
</arguments>
<kw name="Open Browser" library="SeleniumLibrary">
<doc>Opens a new browser instance to the given ``url``.</doc>
<arguments>
<arg>${Url_Open}</arg>
<arg>${Browsr}</arg>
</arguments>
<msg timestamp="20181121 14:37:19.134" level="INFO">Opening browser 'gc' to base url 'https://v7iq7:Elephant@9@mysit.gfs.com/driverSafety/#/'.</msg>
<status status="PASS" starttime="20181121 14:37:19.134" endtime="20181121 14:37:34.880"></status>
</kw>
<status status="PASS" starttime="20181121 14:37:19.134" endtime="20181121 14:37:34.880"></status>
</kw>
<status status="PASS" starttime="20181121 14:37:19.134" endtime="20181121 14:37:34.880"></status>
</kw>
<kw name="${Brow} = ie" type="foritem">
<kw name="Log" library="BuiltIn">
<doc>Logs the given message with the given level.</doc>
<arguments>
<arg>${Brow}</arg>
</arguments>
<msg timestamp="20181121 14:37:34.881" level="INFO">ie</msg>
<status status="PASS" starttime="20181121 14:37:34.880" endtime="20181121 14:37:34.881"></status>
</kw>
<kw name="Set Variable" library="BuiltIn">
<doc>Returns the given values which can then be assigned to a variables.</doc>
<arguments>
<arg>${Brow}</arg>
</arguments>
<assign>
<var>${Browsr}</var>
</assign>
<msg timestamp="20181121 14:37:34.881" level="INFO">${Browsr} = ie</msg>
<status status="PASS" starttime="20181121 14:37:34.881" endtime="20181121 14:37:34.881"></status>
</kw>
<kw name="Log" library="BuiltIn">
<doc>Logs the given message with the given level.</doc>
<arguments>
<arg>${Browsr}</arg>
</arguments>
<msg timestamp="20181121 14:37:34.882" level="INFO">ie</msg>
<status status="PASS" starttime="20181121 14:37:34.882" endtime="20181121 14:37:34.882"></status>
</kw>
<kw name="Set Variable" library="BuiltIn">
<doc>Returns the given values which can then be assigned to a variables.</doc>
<arguments>
<arg>&amp;{Browser_Option}[${Brow}]</arg>
</arguments>
<assign>
<var>${BrowserVal}</var>
</assign>
<msg timestamp="20181121 14:37:34.883" level="INFO">${BrowserVal} = N</msg>
<status status="PASS" starttime="20181121 14:37:34.882" endtime="20181121 14:37:34.883"></status>
</kw>
<kw name="Log" library="BuiltIn">
<doc>Logs the given message with the given level.</doc>
<arguments>
<arg>${Browsr}</arg>
</arguments>
<msg timestamp="20181121 14:37:34.883" level="INFO">ie</msg>
<status status="PASS" starttime="20181121 14:37:34.883" endtime="20181121 14:37:34.883"></status>
</kw>
<kw name="Log" library="BuiltIn">
<doc>Logs the given message with the given level.</doc>
<arguments>
<arg>${BrowserVal}</arg>
</arguments>
<msg timestamp="20181121 14:37:34.883" level="INFO">N</msg>
<status status="PASS" starttime="20181121 14:37:34.883" endtime="20181121 14:37:34.883"></status>
</kw>
<kw name="Run Keyword If" library="BuiltIn">
<doc>Runs the given keyword with the given arguments, if ``condition`` is true.</doc>
<arguments>
<arg>'${BrowserVal}' == 'Y'</arg>
<arg>open browser</arg>
<arg>${Url_Open}</arg>
<arg>${Browsr}</arg>
<arg>ELSE</arg>
<arg>log to console</arg>
<arg>Browser is not enabled to test</arg>
</arguments>
<kw name="Log To Console" library="BuiltIn">
<doc>Logs the given message to the console.</doc>
<arguments>
<arg>Browser is not enabled to test</arg>
</arguments>
<status status="PASS" starttime="20181121 14:37:34.884" endtime="20181121 14:37:34.884"></status>
</kw>
<status status="PASS" starttime="20181121 14:37:34.883" endtime="20181121 14:37:34.884"></status>
</kw>
<status status="PASS" starttime="20181121 14:37:34.880" endtime="20181121 14:37:34.884"></status>
</kw>
<kw name="${Brow} = ff" type="foritem">
<kw name="Log" library="BuiltIn">
<doc>Logs the given message with the given level.</doc>
<arguments>
<arg>${Brow}</arg>
</arguments>
<msg timestamp="20181121 14:37:34.885" level="INFO">ff</msg>
<status status="PASS" starttime="20181121 14:37:34.884" endtime="20181121 14:37:34.885"></status>
</kw>
<kw name="Set Variable" library="BuiltIn">
<doc>Returns the given values which can then be assigned to a variables.</doc>
<arguments>
<arg>${Brow}</arg>
</arguments>
<assign>
<var>${Browsr}</var>
</assign>
<msg timestamp="20181121 14:37:34.885" level="INFO">${Browsr} = ff</msg>
<status status="PASS" starttime="20181121 14:37:34.885" endtime="20181121 14:37:34.885"></status>
</kw>
<kw name="Log" library="BuiltIn">
<doc>Logs the given message with the given level.</doc>
<arguments>
<arg>${Browsr}</arg>
</arguments>
<msg timestamp="20181121 14:37:34.886" level="INFO">ff</msg>
<status status="PASS" starttime="20181121 14:37:34.885" endtime="20181121 14:37:34.886"></status>
</kw>
<kw name="Set Variable" library="BuiltIn">
<doc>Returns the given values which can then be assigned to a variables.</doc>
<arguments>
<arg>&amp;{Browser_Option}[${Brow}]</arg>
</arguments>
<assign>
<var>${BrowserVal}</var>
</assign>
<msg timestamp="20181121 14:37:34.886" level="INFO">${BrowserVal} = N</msg>
<status status="PASS" starttime="20181121 14:37:34.886" endtime="20181121 14:37:34.886"></status>
</kw>
<kw name="Log" library="BuiltIn">
<doc>Logs the given message with the given level.</doc>
<arguments>
<arg>${Browsr}</arg>
</arguments>
<msg timestamp="20181121 14:37:34.887" level="INFO">ff</msg>
<status status="PASS" starttime="20181121 14:37:34.886" endtime="20181121 14:37:34.887"></status>
</kw>
<kw name="Log" library="BuiltIn">
<doc>Logs the given message with the given level.</doc>
<arguments>
<arg>${BrowserVal}</arg>
</arguments>
<msg timestamp="20181121 14:37:34.887" level="INFO">N</msg>
<status status="PASS" starttime="20181121 14:37:34.887" endtime="20181121 14:37:34.887"></status>
</kw>
<kw name="Run Keyword If" library="BuiltIn">
<doc>Runs the given keyword with the given arguments, if ``condition`` is true.</doc>
<arguments>
<arg>'${BrowserVal}' == 'Y'</arg>
<arg>open browser</arg>
<arg>${Url_Open}</arg>
<arg>${Browsr}</arg>
<arg>ELSE</arg>
<arg>log to console</arg>
<arg>Browser is not enabled to test</arg>
</arguments>
<kw name="Log To Console" library="BuiltIn">
<doc>Logs the given message to the console.</doc>
<arguments>
<arg>Browser is not enabled to test</arg>
</arguments>
<status status="PASS" starttime="20181121 14:37:34.888" endtime="20181121 14:37:34.888"></status>
</kw>
<status status="PASS" starttime="20181121 14:37:34.887" endtime="20181121 14:37:34.888"></status>
</kw>
<status status="PASS" starttime="20181121 14:37:34.884" endtime="20181121 14:37:34.888"></status>
</kw>
<status status="PASS" starttime="20181121 14:37:19.134" endtime="20181121 14:37:34.888"></status>
</kw>
<status status="PASS" starttime="20181121 14:37:19.134" endtime="20181121 14:37:34.889"></status>
</kw>
<status status="PASS" starttime="20181121 14:37:19.134" endtime="20181121 14:37:34.889" critical="yes"></status>
</test>
<test id="s1-t2" name="Maximize the Browser Window">
<kw name="Maximize Browser Window" library="SeleniumLibrary">
<doc>Maximizes current browser window.</doc>
<status status="PASS" starttime="20181121 14:37:34.891" endtime="20181121 14:37:36.052"></status>
</kw>
<kw name="Sleep" library="BuiltIn">
<doc>Pauses the test executed for the given time.</doc>
<arguments>
<arg>5s</arg>
</arguments>
<msg timestamp="20181121 14:37:41.054" level="INFO">Slept 5 seconds</msg>
<status status="PASS" starttime="20181121 14:37:36.053" endtime="20181121 14:37:41.054"></status>
</kw>
<status status="PASS" starttime="20181121 14:37:34.890" endtime="20181121 14:37:41.055" critical="yes"></status>
</test>
<test id="s1-t3" name="Run keyword if">
<kw name="Variable Should Exist" library="BuiltIn">
<doc>Fails unless the given variable exists within the current scope.</doc>
<arguments>
<arg>${Xpath_BonusesTab}</arg>
<arg>Click on the Bonuses tab in DSA</arg>
</arguments>
<status status="PASS" starttime="20181121 14:37:41.057" endtime="20181121 14:37:41.057"></status>
</kw>
<kw name="Click Link" library="SeleniumLibrary">
<doc>Clicks a link identified by ``locator``.</doc>
<arguments>
<arg>${Xpath_BonusesTab}</arg>
</arguments>
<msg timestamp="20181121 14:37:41.058" level="INFO">Clicking link '//li//a[text() ="Bonuses"]'.</msg>
<status status="PASS" starttime="20181121 14:37:41.057" endtime="20181121 14:37:41.171"></status>
</kw>
<kw name="Sleep" library="BuiltIn">
<doc>Pauses the test executed for the given time.</doc>
<arguments>
<arg>5s</arg>
</arguments>
<msg timestamp="20181121 14:37:46.175" level="INFO">Slept 5 seconds</msg>
<status status="PASS" starttime="20181121 14:37:41.172" endtime="20181121 14:37:46.175"></status>
</kw>
<kw name="Capture Page Screenshot" library="SeleniumLibrary">
<doc>Takes screenshot of the current page and embeds it into log file.</doc>
<msg timestamp="20181121 14:37:46.520" level="INFO" html="yes">&lt;/td&gt;&lt;/tr&gt;&lt;tr&gt;&lt;td colspan="3"&gt;&lt;a href="selenium-screenshot-18.png"&gt;&lt;img src="selenium-screenshot-18.png" width="800px"&gt;&lt;/a&gt;</msg>
<status status="PASS" starttime="20181121 14:37:46.175" endtime="20181121 14:37:46.520"></status>
</kw>
<status status="PASS" starttime="20181121 14:37:41.056" endtime="20181121 14:37:46.520" critical="yes"></status>
</test>
<test id="s1-t4" name="run keyword if">
<kw name="Variable Should Exist" library="BuiltIn">
<doc>Fails unless the given variable exists within the current scope.</doc>
<arguments>
<arg>${Xpath_RunBonusesTab}</arg>
<arg>Click on Run Bonuses tab in Bonuses Section</arg>
</arguments>
<status status="PASS" starttime="20181121 14:37:46.520" endtime="20181121 14:37:46.520"></status>
</kw>
<kw name="Click Link" library="SeleniumLibrary">
<doc>Clicks a link identified by ``locator``.</doc>
<arguments>
<arg>${Xpath_RunBonusesTab}</arg>
</arguments>
<msg timestamp="20181121 14:37:46.520" level="INFO">Clicking link '//li//a[text()="Run Bonuses"]'.</msg>
<status status="PASS" starttime="20181121 14:37:46.520" endtime="20181121 14:37:46.693"></status>
</kw>
<kw name="Sleep" library="BuiltIn">
<doc>Pauses the test executed for the given time.</doc>
<arguments>
<arg>5s</arg>
</arguments>
<msg timestamp="20181121 14:37:51.696" level="INFO">Slept 5 seconds</msg>
<status status="PASS" starttime="20181121 14:37:46.695" endtime="20181121 14:37:51.696"></status>
</kw>
<kw name="Capture Page Screenshot" library="SeleniumLibrary">
<doc>Takes screenshot of the current page and embeds it into log file.</doc>
<msg timestamp="20181121 14:37:52.067" level="INFO" html="yes">&lt;/td&gt;&lt;/tr&gt;&lt;tr&gt;&lt;td colspan="3"&gt;&lt;a href="selenium-screenshot-19.png"&gt;&lt;img src="selenium-screenshot-19.png" width="800px"&gt;&lt;/a&gt;</msg>
<status status="PASS" starttime="20181121 14:37:51.697" endtime="20181121 14:37:52.067"></status>
</kw>
<status status="PASS" starttime="20181121 14:37:46.520" endtime="20181121 14:37:52.067" critical="yes"></status>
</test>
<status status="PASS" starttime="20181121 14:37:18.976" endtime="20181121 14:37:52.067"></status>
</suite>
<statistics>
<total>
<stat pass="4" fail="0">Critical Tests</stat>
<stat pass="4" fail="0">All Tests</stat>
</total>
<tag>
</tag>
<suite>
<stat pass="4" fail="0" id="s1" name="TC DSA SafeMilesBonus">TC DSA SafeMilesBonus</stat>
</suite>
</statistics>
<errors>
<msg timestamp="20181121 14:37:46.520" level="WARN">Multiple test cases with name 'run keyword if' executed in test suite 'TC DSA SafeMilesBonus'.</msg>
</errors>
</robot>
