<?xml version="1.0" encoding="UTF-8"?>
<robot generator="Robot 3.0.4 (Python 3.7.0 on win32)" generated="20181204 16:03:26.755">
<suite id="s1" name="TC DSA Search" source="E:\Drive\Nagaprakash\D Drive\DSA\DSA_TestScripts\TC_DSA_Search.robot">
<test id="s1-t1" name="[Setup]">
<kw name="Open the Browser" library="GenericLibrary">
<kw name="${Brow} IN [ @{Browser_Option} ]" type="for">
<kw name="${Brow} = gc" type="foritem">
<kw name="Log" library="BuiltIn">
<doc>Logs the given message with the given level.</doc>
<arguments>
<arg>${Brow}</arg>
</arguments>
<msg timestamp="20181204 16:03:39.549" level="INFO">gc</msg>
<status status="PASS" starttime="20181204 16:03:39.549" endtime="20181204 16:03:39.549"></status>
</kw>
<kw name="Set Variable" library="BuiltIn">
<doc>Returns the given values which can then be assigned to a variables.</doc>
<arguments>
<arg>${Brow}</arg>
</arguments>
<assign>
<var>${Browsr}</var>
</assign>
<msg timestamp="20181204 16:03:39.550" level="INFO">${Browsr} = gc</msg>
<status status="PASS" starttime="20181204 16:03:39.550" endtime="20181204 16:03:39.550"></status>
</kw>
<kw name="Log" library="BuiltIn">
<doc>Logs the given message with the given level.</doc>
<arguments>
<arg>${Browsr}</arg>
</arguments>
<msg timestamp="20181204 16:03:39.550" level="INFO">gc</msg>
<status status="PASS" starttime="20181204 16:03:39.550" endtime="20181204 16:03:39.550"></status>
</kw>
<kw name="Set Variable" library="BuiltIn">
<doc>Returns the given values which can then be assigned to a variables.</doc>
<arguments>
<arg>&amp;{Browser_Option}[${Brow}]</arg>
</arguments>
<assign>
<var>${BrowserVal}</var>
</assign>
<msg timestamp="20181204 16:03:39.551" level="INFO">${BrowserVal} = Y</msg>
<status status="PASS" starttime="20181204 16:03:39.550" endtime="20181204 16:03:39.551"></status>
</kw>
<kw name="Log" library="BuiltIn">
<doc>Logs the given message with the given level.</doc>
<arguments>
<arg>${Browsr}</arg>
</arguments>
<msg timestamp="20181204 16:03:39.551" level="INFO">gc</msg>
<status status="PASS" starttime="20181204 16:03:39.551" endtime="20181204 16:03:39.551"></status>
</kw>
<kw name="Log" library="BuiltIn">
<doc>Logs the given message with the given level.</doc>
<arguments>
<arg>${BrowserVal}</arg>
</arguments>
<msg timestamp="20181204 16:03:39.551" level="INFO">Y</msg>
<status status="PASS" starttime="20181204 16:03:39.551" endtime="20181204 16:03:39.551"></status>
</kw>
<kw name="Run Keyword If" library="BuiltIn">
<doc>Runs the given keyword with the given arguments, if ``condition`` is true.</doc>
<arguments>
<arg>'${BrowserVal}' == 'Y'</arg>
<arg>open browser</arg>
<arg>${Url_Open}</arg>
<arg>${Browsr}</arg>
<arg>ELSE</arg>
<arg>log to console</arg>
<arg>Browser is not enabled to test</arg>
</arguments>
<kw name="Open Browser" library="SeleniumLibrary">
<doc>Opens a new browser instance to the given ``url``.</doc>
<arguments>
<arg>${Url_Open}</arg>
<arg>${Browsr}</arg>
</arguments>
<msg timestamp="20181204 16:03:39.552" level="INFO">Opening browser 'gc' to base url 'https://v7iq7:Elephant@9@mysit.gfs.com/driverSafety/#/'.</msg>
<status status="PASS" starttime="20181204 16:03:39.552" endtime="20181204 16:03:46.348"></status>
</kw>
<status status="PASS" starttime="20181204 16:03:39.552" endtime="20181204 16:03:46.348"></status>
</kw>
<status status="PASS" starttime="20181204 16:03:39.549" endtime="20181204 16:03:46.348"></status>
</kw>
<kw name="${Brow} = ie" type="foritem">
<kw name="Log" library="BuiltIn">
<doc>Logs the given message with the given level.</doc>
<arguments>
<arg>${Brow}</arg>
</arguments>
<msg timestamp="20181204 16:03:46.349" level="INFO">ie</msg>
<status status="PASS" starttime="20181204 16:03:46.348" endtime="20181204 16:03:46.349"></status>
</kw>
<kw name="Set Variable" library="BuiltIn">
<doc>Returns the given values which can then be assigned to a variables.</doc>
<arguments>
<arg>${Brow}</arg>
</arguments>
<assign>
<var>${Browsr}</var>
</assign>
<msg timestamp="20181204 16:03:46.349" level="INFO">${Browsr} = ie</msg>
<status status="PASS" starttime="20181204 16:03:46.349" endtime="20181204 16:03:46.349"></status>
</kw>
<kw name="Log" library="BuiltIn">
<doc>Logs the given message with the given level.</doc>
<arguments>
<arg>${Browsr}</arg>
</arguments>
<msg timestamp="20181204 16:03:46.350" level="INFO">ie</msg>
<status status="PASS" starttime="20181204 16:03:46.350" endtime="20181204 16:03:46.350"></status>
</kw>
<kw name="Set Variable" library="BuiltIn">
<doc>Returns the given values which can then be assigned to a variables.</doc>
<arguments>
<arg>&amp;{Browser_Option}[${Brow}]</arg>
</arguments>
<assign>
<var>${BrowserVal}</var>
</assign>
<msg timestamp="20181204 16:03:46.350" level="INFO">${BrowserVal} = N</msg>
<status status="PASS" starttime="20181204 16:03:46.350" endtime="20181204 16:03:46.351"></status>
</kw>
<kw name="Log" library="BuiltIn">
<doc>Logs the given message with the given level.</doc>
<arguments>
<arg>${Browsr}</arg>
</arguments>
<msg timestamp="20181204 16:03:46.351" level="INFO">ie</msg>
<status status="PASS" starttime="20181204 16:03:46.351" endtime="20181204 16:03:46.351"></status>
</kw>
<kw name="Log" library="BuiltIn">
<doc>Logs the given message with the given level.</doc>
<arguments>
<arg>${BrowserVal}</arg>
</arguments>
<msg timestamp="20181204 16:03:46.351" level="INFO">N</msg>
<status status="PASS" starttime="20181204 16:03:46.351" endtime="20181204 16:03:46.351"></status>
</kw>
<kw name="Run Keyword If" library="BuiltIn">
<doc>Runs the given keyword with the given arguments, if ``condition`` is true.</doc>
<arguments>
<arg>'${BrowserVal}' == 'Y'</arg>
<arg>open browser</arg>
<arg>${Url_Open}</arg>
<arg>${Browsr}</arg>
<arg>ELSE</arg>
<arg>log to console</arg>
<arg>Browser is not enabled to test</arg>
</arguments>
<kw name="Log To Console" library="BuiltIn">
<doc>Logs the given message to the console.</doc>
<arguments>
<arg>Browser is not enabled to test</arg>
</arguments>
<status status="PASS" starttime="20181204 16:03:46.352" endtime="20181204 16:03:46.352"></status>
</kw>
<status status="PASS" starttime="20181204 16:03:46.352" endtime="20181204 16:03:46.352"></status>
</kw>
<status status="PASS" starttime="20181204 16:03:46.348" endtime="20181204 16:03:46.352"></status>
</kw>
<kw name="${Brow} = ff" type="foritem">
<kw name="Log" library="BuiltIn">
<doc>Logs the given message with the given level.</doc>
<arguments>
<arg>${Brow}</arg>
</arguments>
<msg timestamp="20181204 16:03:46.353" level="INFO">ff</msg>
<status status="PASS" starttime="20181204 16:03:46.353" endtime="20181204 16:03:46.353"></status>
</kw>
<kw name="Set Variable" library="BuiltIn">
<doc>Returns the given values which can then be assigned to a variables.</doc>
<arguments>
<arg>${Brow}</arg>
</arguments>
<assign>
<var>${Browsr}</var>
</assign>
<msg timestamp="20181204 16:03:46.354" level="INFO">${Browsr} = ff</msg>
<status status="PASS" starttime="20181204 16:03:46.353" endtime="20181204 16:03:46.354"></status>
</kw>
<kw name="Log" library="BuiltIn">
<doc>Logs the given message with the given level.</doc>
<arguments>
<arg>${Browsr}</arg>
</arguments>
<msg timestamp="20181204 16:03:46.354" level="INFO">ff</msg>
<status status="PASS" starttime="20181204 16:03:46.354" endtime="20181204 16:03:46.354"></status>
</kw>
<kw name="Set Variable" library="BuiltIn">
<doc>Returns the given values which can then be assigned to a variables.</doc>
<arguments>
<arg>&amp;{Browser_Option}[${Brow}]</arg>
</arguments>
<assign>
<var>${BrowserVal}</var>
</assign>
<msg timestamp="20181204 16:03:46.355" level="INFO">${BrowserVal} = N</msg>
<status status="PASS" starttime="20181204 16:03:46.354" endtime="20181204 16:03:46.355"></status>
</kw>
<kw name="Log" library="BuiltIn">
<doc>Logs the given message with the given level.</doc>
<arguments>
<arg>${Browsr}</arg>
</arguments>
<msg timestamp="20181204 16:03:46.356" level="INFO">ff</msg>
<status status="PASS" starttime="20181204 16:03:46.356" endtime="20181204 16:03:46.356"></status>
</kw>
<kw name="Log" library="BuiltIn">
<doc>Logs the given message with the given level.</doc>
<arguments>
<arg>${BrowserVal}</arg>
</arguments>
<msg timestamp="20181204 16:03:46.357" level="INFO">N</msg>
<status status="PASS" starttime="20181204 16:03:46.356" endtime="20181204 16:03:46.357"></status>
</kw>
<kw name="Run Keyword If" library="BuiltIn">
<doc>Runs the given keyword with the given arguments, if ``condition`` is true.</doc>
<arguments>
<arg>'${BrowserVal}' == 'Y'</arg>
<arg>open browser</arg>
<arg>${Url_Open}</arg>
<arg>${Browsr}</arg>
<arg>ELSE</arg>
<arg>log to console</arg>
<arg>Browser is not enabled to test</arg>
</arguments>
<kw name="Log To Console" library="BuiltIn">
<doc>Logs the given message to the console.</doc>
<arguments>
<arg>Browser is not enabled to test</arg>
</arguments>
<status status="PASS" starttime="20181204 16:03:46.358" endtime="20181204 16:03:46.358"></status>
</kw>
<status status="PASS" starttime="20181204 16:03:46.357" endtime="20181204 16:03:46.358"></status>
</kw>
<status status="PASS" starttime="20181204 16:03:46.353" endtime="20181204 16:03:46.358"></status>
</kw>
<status status="PASS" starttime="20181204 16:03:39.549" endtime="20181204 16:03:46.358"></status>
</kw>
<status status="PASS" starttime="20181204 16:03:39.548" endtime="20181204 16:03:46.358"></status>
</kw>
<status status="PASS" starttime="20181204 16:03:39.548" endtime="20181204 16:03:46.358" critical="yes"></status>
</test>
<test id="s1-t2" name="Maximize the Browser Window">
<kw name="Maximize Browser Window" library="SeleniumLibrary">
<doc>Maximizes current browser window.</doc>
<status status="PASS" starttime="20181204 16:03:46.530" endtime="20181204 16:03:47.645"></status>
</kw>
<status status="PASS" starttime="20181204 16:03:46.529" endtime="20181204 16:03:47.645" critical="yes"></status>
</test>
<test id="s1-t3" name="Enter Value into the Search Fields">
<kw name="Get Number of Dictionary Sets inside a Dictionary Set">
<arguments>
<arg>${DriverSearch_Data}</arg>
</arguments>
<assign>
<var>${NumberOfDictDataSets}=</var>
</assign>
<msg timestamp="20181204 16:03:47.648" level="FAIL">No keyword with name 'Get Number of Dictionary Sets inside a Dictionary Set' found.</msg>
<status status="FAIL" starttime="20181204 16:03:47.648" endtime="20181204 16:03:47.648"></status>
</kw>
<status status="FAIL" starttime="20181204 16:03:47.646" endtime="20181204 16:03:47.648" critical="yes">No keyword with name 'Get Number of Dictionary Sets inside a Dictionary Set' found.</status>
</test>
<status status="FAIL" starttime="20181204 16:03:26.767" endtime="20181204 16:03:47.649"></status>
</suite>
<statistics>
<total>
<stat pass="2" fail="1">Critical Tests</stat>
<stat pass="2" fail="1">All Tests</stat>
</total>
<tag>
</tag>
<suite>
<stat pass="2" fail="1" id="s1" name="TC DSA Search">TC DSA Search</stat>
</suite>
</statistics>
<errors>
</errors>
</robot>
